CompilerOracle: exclude jregex/Pretokenizer.next
Listening for transport dt_socket at address: 8000
14:44:27,333 INFO  ~ Starting /Users/uniquehuang/git/CSSA
14:44:27,760 WARN  ~ You're running Play! in DEV mode
14:44:27,830 INFO  ~ Listening for HTTP on port 9000 (Waiting a first request to start) ...
~ Server is up and running
14:44:35,040 INFO  ~ Connected to jdbc:h2:mem:play;MODE=MYSQL
14:44:35,821 INFO  ~ Application 'cssa' is now started !
16:11:45,704 ERROR ~ 

@6i1khci48
secure.login action not found

Action not found
Action secure.login could not be found. Error raised is Controller controllers.secure not found

play.exceptions.ActionNotFoundException: Action secure.login not found
	at play.mvc.ActionInvoker.getActionMethod(ActionInvoker.java:599)
	at play.mvc.ActionInvoker.resolve(ActionInvoker.java:85)
	at Invocation.HTTP Request(Play!)
Caused by: java.lang.Exception: Controller controllers.secure not found
	... 3 more
16:16:29,275 ERROR ~ 

@6i1khci49
error/404.html action not found

Action not found
Action error/404.html could not be found. Error raised is Controller controllers.error/404 not found

play.exceptions.ActionNotFoundException: Action error/404.html not found
	at play.mvc.ActionInvoker.getActionMethod(ActionInvoker.java:599)
	at play.mvc.ActionInvoker.resolve(ActionInvoker.java:85)
	at Invocation.HTTP Request(Play!)
Caused by: java.lang.Exception: Controller controllers.error/404 not found
	... 3 more
16:16:47,564 ERROR ~ 

@6i1khci4a
error.404 action not found

Action not found
Action error.404 could not be found. Error raised is Controller controllers.error not found

play.exceptions.ActionNotFoundException: Action error.404 not found
	at play.mvc.ActionInvoker.getActionMethod(ActionInvoker.java:599)
	at play.mvc.ActionInvoker.resolve(ActionInvoker.java:85)
	at Invocation.HTTP Request(Play!)
Caused by: java.lang.Exception: Controller controllers.error not found
	... 3 more
16:16:51,829 ERROR ~ 

@6i1khci4b
error.404 action not found

Action not found
Action error.404 could not be found. Error raised is Controller controllers.error not found

play.exceptions.ActionNotFoundException: Action error.404 not found
	at play.mvc.ActionInvoker.getActionMethod(ActionInvoker.java:599)
	at play.mvc.ActionInvoker.resolve(ActionInvoker.java:85)
	at Invocation.HTTP Request(Play!)
Caused by: java.lang.Exception: Controller controllers.error not found
	... 3 more
